<?xml version="1.0" encoding="UTF-8"?>
<testsuite xmlns:xsi="http://www.w3.org/2001/XMLSchema-instance" xsi:noNamespaceSchemaLocation="https://maven.apache.org/surefire/maven-surefire-plugin/xsd/surefire-test-report.xsd" name="tech.picnic.assignment.impl.PickingEventProcessorFactoryTest" time="0.327" tests="2" errors="0" skipped="0" failures="0">
  <properties>
[...]
</properties>
  <testcase name="testHappyPath{int, Duration, String, String}[1]" classname="tech.picnic.assignment.impl.PickingEventProcessorFactoryTest" time="0.288"/>
  <testcase name="testServiceLoading" classname="tech.picnic.assignment.impl.PickingEventProcessorFactoryTest" time="0.008"/>
</testsuite>